0 info it worked if it ends with ok
1 verbose cli [ '/usr/bin/node', '/usr/bin/npm', 'run', 'build' ]
2 info using npm@3.10.10
3 info using node@v6.13.1
4 verbose run-script [ 'prebuild', 'build', 'postbuild' ]
5 info lifecycle waltre@1.0.0~prebuild: waltre@1.0.0
6 silly lifecycle waltre@1.0.0~prebuild: no script for prebuild, continuing
7 info lifecycle waltre@1.0.0~build: waltre@1.0.0
8 verbose lifecycle waltre@1.0.0~build: unsafe-perm in lifecycle true
9 verbose lifecycle waltre@1.0.0~build: PATH: /usr/lib/node_modules/npm/bin/node-gyp-bin:/home/russell/waltre/node_modules/.bin:/usr/lib/node_modules/npm/bin/node-gyp-bin:/home/russell/waltre/node_modules/.bin:/home/russell/bin:/home/russell/.local/bin:/usr/local/sbin:/usr/local/bin:/usr/sbin:/usr/bin:/sbin:/bin:/usr/games:/usr/local/games:/snap/bin
10 verbose lifecycle waltre@1.0.0~build: CWD: /home/russell/waltre
11 silly lifecycle waltre@1.0.0~build: Args: [ '-c', 'webpack --mode development' ]
12 silly lifecycle waltre@1.0.0~build: Returned: code: 2  signal: null
13 info lifecycle waltre@1.0.0~build: Failed to exec build script
14 verbose stack Error: waltre@1.0.0 build: `webpack --mode development`
14 verbose stack Exit status 2
14 verbose stack     at EventEmitter.<anonymous> (/usr/lib/node_modules/npm/lib/utils/lifecycle.js:255:16)
14 verbose stack     at emitTwo (events.js:106:13)
14 verbose stack     at EventEmitter.emit (events.js:191:7)
14 verbose stack     at ChildProcess.<anonymous> (/usr/lib/node_modules/npm/lib/utils/spawn.js:40:14)
14 verbose stack     at emitTwo (events.js:106:13)
14 verbose stack     at ChildProcess.emit (events.js:191:7)
14 verbose stack     at maybeClose (internal/child_process.js:920:16)
14 verbose stack     at Process.ChildProcess._handle.onexit (internal/child_process.js:230:5)
15 verbose pkgid waltre@1.0.0
16 verbose cwd /home/russell/waltre
17 error Linux 4.13.0-37-generic
18 error argv "/usr/bin/node" "/usr/bin/npm" "run" "build"
19 error node v6.13.1
20 error npm  v3.10.10
21 error code ELIFECYCLE
22 error waltre@1.0.0 build: `webpack --mode development`
22 error Exit status 2
23 error Failed at the waltre@1.0.0 build script 'webpack --mode development'.
23 error Make sure you have the latest version of node.js and npm installed.
23 error If you do, this is most likely a problem with the waltre package,
23 error not with npm itself.
23 error Tell the author that this fails on your system:
23 error     webpack --mode development
23 error You can get information on how to open an issue for this project with:
23 error     npm bugs waltre
23 error Or if that isn't available, you can get their info via:
23 error     npm owner ls waltre
23 error There is likely additional logging output above.
24 verbose exit [ 1, true ]
